C:\Mac\Home\Documents\NUS\CEG 3136\Lab 2\sections.lst - generated by MGTEK Assembler ASM12 V1.26 Build 144 for WIN32 (x86) - Thu Oct 03 10:33:28 2024

    1:                                 ;--------------------------------------
    2:                                 ; File: sections.inc
    3:                                 ; Description: Defines the sections for the project.
    4:                                 ;              Note the use of the symbol SECTIONS_DEFINED
    5:                                 ;              for conditional assembly into modules.
    6:                                 ;----------------------------------------
    7:                                 
    8:                                         IFNDEF SECTIONS_DEFINED  ; Start of conditional assembly
    9:          =00000001              SECTIONS_DEFINED   EQU  1        ; prevents future inclusion of the file
   10:                                 
   11:                                 ; Define addresses of various sections
   12:          =00003000              VARIABLES EQU $3000   ; $3000 - $3FFF
   13:          =00002000              PROGRAM   EQU $2000  ; $2000 - $2FFF
   14:          =00002000              STACK     EQU $2000  ; $1000 - $1FFF
   15:                                 
   16:                                 ;----------------------------------------
   17:                                 ; Global Variable section
   18:                                 ; Use the DS - define storage directive
   19:                                 ;              to define space for 
   20:                                 ;              global variables and data
   21:                                 ;              structures.
   22:                                 ;----------------------------------------
   23:                                 globalVar SECTION
   24:          =00003000                      ORG VARIABLES   ; places section in RAM
   25:                                 ;-----------------------------------------
   26:                                 ; Code section
   27:                                 ; Enter assembly instructions (HCS12) to create
   28:                                 ; executable code.
   29:                                 ;-----------------------------------------
   30:                                 code_section SECTION
   31:          =00002000                      ORG PROGRAM  ; places section in RAM - simulates ROM
   32:                                 
   33:                                 ;------------------------------------------
   34:                                 ; Global constants
   35:                                 ; In simple programs (single module) global constants are 
   36:                                 ; simply placed at the end of code and not section is
   37:                                 ; explicitly defined.
   38:                                 ;--------------------------------------------
   39:                                 globalConst SECTION
C:\Mac\Home\Documents\NUS\CEG 3136\Lab 2\sections.inc(40): Error A2038: col(13) 'endcode': undefined symbol
   40:                                         ORG ENDCODE ;--ENDCODE is defined on the second pass of the assembler
   41:                                 
   42:                                 ;----------------------------------------------
   43:                                 ; Defining the start of the globalConst Section
   44:                                 ; The following should be added to the end of the 
   45:                                 ; main module
   46:                                 ;----------------------------------------------
   47:                                 ;       SWITCH code_section 
   48:                                 ;ENDCODE        
   49:                                 
   50:                                          ENDIF  ; End of conditional assembly

Symbols:
endcode                         ?00000000
program                         *00002000
variables                       *00003000

